<?xml version="1.0" encoding="UTF-8"?>
<testng-results ignored="0" total="1" passed="1" failed="0" skipped="0">
  <reporter-output>
  </reporter-output>
  <suite started-at="2024-07-01T20:38:10 EEST" name="Suite1" finished-at="2024-07-01T20:39:50 EEST" duration-ms="99874">
    <groups>
    </groups>
    <test started-at="2024-07-01T20:38:10 EEST" name="test" finished-at="2024-07-01T20:39:50 EEST" duration-ms="99874">
      <class name="tests.HomeWorkSearch">
        <test-method is-config="true" signature="setup(java.lang.String)[pri:0, instance:tests.HomeWorkSearch@3ee37e5a]" started-at="2024-07-01T20:38:10 EEST" name="setup" finished-at="2024-07-01T20:38:15 EEST" duration-ms="5036" status="PASS">
          <params>
            <param index="0">
              <value>
                <![CDATA[https://keyfood.ro]]>
              </value>
            </param>
          </params>
          <reporter-output>
          </reporter-output>
        </test-method> <!-- setup -->
        <test-method signature="searchWhileLogged()[pri:1, instance:tests.HomeWorkSearch@3ee37e5a]" started-at="2024-07-01T20:38:15 EEST" name="searchWhileLogged" finished-at="2024-07-01T20:39:45 EEST" duration-ms="89505" status="PASS">
          <reporter-output>
          </reporter-output>
        </test-method> <!-- searchWhileLogged -->
        <test-method is-config="true" signature="recordFailure(org.testng.ITestResult)[pri:0, instance:tests.HomeWorkSearch@3ee37e5a]" started-at="2024-07-01T20:39:45 EEST" name="recordFailure" finished-at="2024-07-01T20:39:45 EEST" duration-ms="1" status="PASS">
          <params>
            <param index="0">
              <value>
                <![CDATA[[TestResult name=searchWhileLogged status=SUCCESS method=HomeWorkSearch.searchWhileLogged()[pri:1, instance:tests.HomeWorkSearch@3ee37e5a] output={null}]]]>
              </value>
            </param>
          </params>
          <reporter-output>
          </reporter-output>
        </test-method> <!-- recordFailure -->
        <test-method is-config="true" signature="tearDown()[pri:0, instance:tests.HomeWorkSearch@3ee37e5a]" started-at="2024-07-01T20:39:45 EEST" name="tearDown" finished-at="2024-07-01T20:39:50 EEST" duration-ms="5268" status="PASS">
          <reporter-output>
          </reporter-output>
        </test-method> <!-- tearDown -->
      </class> <!-- tests.HomeWorkSearch -->
    </test> <!-- test -->
  </suite> <!-- Suite1 -->
</testng-results>
